c:\users\dev\source\repos\qtguiapplication5\qtguiapplication5\x64\debug\qtguiapplication5.obj
c:\users\dev\source\repos\qtguiapplication5\qtguiapplication5\x64\debug\qrc_qtguiapplication5.obj
c:\users\dev\source\repos\qtguiapplication5\qtguiapplication5\x64\debug\main.obj
c:\users\dev\source\repos\qtguiapplication5\qtguiapplication5\x64\debug\moc_qtguiapplication5.obj
c:\users\dev\source\repos\qtguiapplication5\qtguiapplication5\x64\debug\vc141.pdb
c:\users\dev\source\repos\qtguiapplication5\qtguiapplication5\x64\debug\moc_ecaplayercontrol.obj
c:\users\dev\source\repos\qtguiapplication5\qtguiapplication5\x64\debug\ecaplayercontrols.obj
c:\users\dev\source\repos\qtguiapplication5\qtguiapplication5\x64\debug\moc_ecaplayercontrols.obj
c:\users\dev\source\repos\qtguiapplication5\qtguiapplication5\x64\debug\ecaplayer.obj
c:\users\dev\source\repos\qtguiapplication5\qtguiapplication5\x64\debug\moc_ecaplayer.obj
c:\users\dev\source\robotics_project\robotic_camera\qtguiapplication5\qtguiapplication5\x64\debug\ecaplayercontrols.obj
c:\users\dev\source\robotics_project\robotic_camera\qtguiapplication5\qtguiapplication5\x64\debug\ecaplayer.obj
c:\users\dev\source\robotics_project\robotic_camera\qtguiapplication5\qtguiapplication5\x64\debug\main.obj
c:\users\dev\source\robotics_project\robotic_camera\qtguiapplication5\qtguiapplication5\x64\debug\qrc_qtguiapplication5.obj
c:\users\dev\source\robotics_project\robotic_camera\qtguiapplication5\qtguiapplication5\x64\debug\qtguiapplication5.obj
c:\users\dev\source\robotics_project\robotic_camera\qtguiapplication5\qtguiapplication5\x64\debug\vc141.pdb
c:\users\dev\source\robotics_project\robotic_camera\qtguiapplication5\qtguiapplication5\x64\debug\moc_ecaplayer.obj
c:\users\dev\source\robotics_project\robotic_camera\qtguiapplication5\qtguiapplication5\x64\debug\moc_ecaplayercontrols.obj
c:\users\dev\source\robotics_project\robotic_camera\qtguiapplication5\qtguiapplication5\x64\debug\moc_qtguiapplication5.obj
c:\users\dev\source\repos\qtguiapplication5\x64\debug\qtguiapplication5.exe
c:\users\dev\source\repos\qtguiapplication5\x64\debug\qtguiapplication5.ilk
c:\users\dev\source\repos\qtguiapplication5\x64\debug\qtguiapplication5.pdb
c:\users\dev\source\robotics_project\robotic_camera\qtguiapplication5\x64\debug\qtguiapplication5.exe
c:\users\dev\source\robotics_project\robotic_camera\qtguiapplication5\x64\debug\qtguiapplication5.ilk
c:\users\dev\source\robotics_project\robotic_camera\qtguiapplication5\x64\debug\qtguiapplication5.pdb
c:\users\dev\source\repos\qtguiapplication5\qtguiapplication5\generatedfiles\debug\moc_qtguiapplication5.cpp
c:\users\dev\source\repos\qtguiapplication5\qtguiapplication5\generatedfiles\qrc_qtguiapplication5.cpp
c:\users\dev\source\repos\qtguiapplication5\qtguiapplication5\generatedfiles\ui_qtguiapplication5.h
c:\users\dev\source\repos\qtguiapplication5\qtguiapplication5\generatedfiles\debug\moc_ecaplayercontrol.cpp
c:\users\dev\source\repos\qtguiapplication5\qtguiapplication5\generatedfiles\debug\moc_ecaplayercontrols.cpp
c:\users\dev\source\repos\qtguiapplication5\qtguiapplication5\generatedfiles\debug\moc_ecaplayer.cpp
c:\users\dev\source\robotics_project\robotic_camera\qtguiapplication5\qtguiapplication5\generatedfiles\debug\moc_ecaplayer.cpp
c:\users\dev\source\robotics_project\robotic_camera\qtguiapplication5\qtguiapplication5\x64\debug\moc_ecaplayercontrol.obj
c:\users\dev\source\robotics_project\robotic_camera\qtguiapplication5\qtguiapplication5\x64\debug\qtguiapp.b12702ad.tlog\cl.command.1.tlog
c:\users\dev\source\robotics_project\robotic_camera\qtguiapplication5\qtguiapplication5\x64\debug\qtguiapp.b12702ad.tlog\cl.read.1.tlog
c:\users\dev\source\robotics_project\robotic_camera\qtguiapplication5\qtguiapplication5\x64\debug\qtguiapp.b12702ad.tlog\cl.write.1.tlog
c:\users\dev\source\robotics_project\robotic_camera\qtguiapplication5\qtguiapplication5\x64\debug\qtguiapp.b12702ad.tlog\link.command.1.tlog
c:\users\dev\source\robotics_project\robotic_camera\qtguiapplication5\qtguiapplication5\x64\debug\qtguiapp.b12702ad.tlog\link.read.1.tlog
c:\users\dev\source\robotics_project\robotic_camera\qtguiapplication5\qtguiapplication5\x64\debug\qtguiapp.b12702ad.tlog\link.write.1.tlog
c:\users\dev\source\robotics_project\robotic_camera\qtguiapplication5\qtguiapplication5\x64\debug\qtguiapp.b12702ad.tlog\qtguiapplication5.write.1u.tlog
